Started by user [8mha:////4Av13BAALwpaQ0RIoCWRmRdejm9WnuLA5xwqMF7lGCIDAAAAnB+LCAAAAAAAAP9b85aBtbiIQTGjNKU4P08vOT+vOD8nVc83PyU1x6OyILUoJzMv2y+/JJUBAhiZGBgqihhk0NSjKDWzXb3RdlLBUSYGJk8GtpzUvPSSDB8G5tKinBIGIZ+sxLJE/ZzEvHT94JKizLx0a6BxUmjGOUNodHsLgAzuEgYB/dLi1CL98tKi4pL00qLsVABUdWehxQAAAA==[0mWurst Gurke
Obtained Jenkinsfile from git http://github.com/wurstgurke/testinglab.git
Running in Durability level: MAX_SURVIVABILITY
[8mha:////4O2jnyf4EbYgHbTDBMphizs7lJ+qmGBxT99XGHDWoSu2AAAApR+LCAAAAAAAAP9tjTEOwjAUQ3+KOrAycohUghExsUZZOEFIQkgb/d8mKe3EibgadyBQiQlLlmxL1nu+oE4RjhQdby12HpP2vA+jK4lPFLtroIm3dOGaMFGwXNpJkrGnpUrKFhaxClYC1hZ1oOTRZdiIVt1VExS65pxj2Q4CKm8GeAAThZxVzN8yR9jeRpMIf5y/AJj7DGxXvP/86jduZBmjwAAAAA==[0m[Pipeline] node
Running on [8mha:////4B6cVxAhR3TXbw7bfGrrDZ04MXNY7Q0JiaMTcdFgvmVPAAAAnh+LCAAAAAAAAP9b85aBtbiIQTGjNKU4P08vOT+vOD8nVc83PyU1x6OyILUoJzMv2y+/JJUBAhiZGBgqihhk0NSjKDWzXb3RdlLBUSYGJk8GtpzUvPSSDB8G5tKinBIGIZ+sxLJE/ZzEvHT94JKizLx0a6BxUmjGOUNodHsLgAz2EgZh/eT83ILSktQifY3cxGIgrakPAHib2iPIAAAA[0mJenkins in /var/jenkins_home/workspace/B4U Tests
[8mha:////4M6Ik5AKdGLG3zsNSkkqP0x3yzXhcrBjx78kOv4IhX0iAAAApR+LCAAAAAAAAP9tjTEOwjAUQ3+KOrAycoh0gA0xsUZZOEFIQkgb/d8mKe3EibgadyBQiQlLlmxL1nu+oE4RjhQdby12HpP2vA+jK4lPFLtroIm3dOGaMFGwXNpJkrGnpUrKFhaxClYC1hZ1oOTRZdiIVt1VExS65pxj2Q4CKm8GeAAThZxVzN8yR9jeRpMIf5y/AJj7DGxXvP/86jfoP95RwAAAAA==[0m[Pipeline] {
[8mha:////4P5shY7zkAPi+5q8xxSs//fNgVfh2bo2+zsE3LMErDbsAAAApR+LCAAAAAAAAP9tjTEOwjAUQ3+KOrAycoh0gQkxsUZZOEFIQkgb/d8mKe3EibgadyBQiQlLlmxL1nu+oE4RjhQdby12HpP2vA+jK4lPFLtroIm3dOGaMFGwXNpJkrGnpUrKFhaxClYC1hZ1oOTRZdiIVt1VExS65pxj2Q4CKm8GeAAThZxVzN8yR9jeRpMIf5y/AJj7DGxXvP/86jc09154wAAAAA==[0m[Pipeline] stage
[8mha:////4CDkbg47HH/hNUqkvG8ZpWmtYpzAJbj4+GsO18iEy5ImAAAApR+LCAAAAAAAAP9tjTEOwjAUQ3+KOrAycoh0ggUxsUZZOEFIQkgb/d8mKe3EibgadyBQiQlLlmxL1nu+oE4RjhQdby12HpP2vA+jK4lPFLtroIm3dOGaMFGwXNpJkrGnpUrKFhaxClYC1hZ1oOTRZdiIVt1VExS65pxj2Q4CKm8GeAAThZxVzN8yR9jeRpMIf5y/AJj7DGxXvP/86jek7ggRwAAAAA==[0m[Pipeline] { (Declarative: Checkout SCM)
[8mha:////4HGJDgHwaZ/suDBfXBW027J3Ojr+s7ZioL6Pv5i35VnGAAAAoh+LCAAAAAAAAP9tjTEOAiEURD9rLGwtPQTbaWGsbAmNJ0AWEZb8zwLrbuWJvJp3kLiJlZNMMm+a93rDOic4UbLcG+wdZu14DKOti0+U+lugiXu6ck2YKRguzSSpM+cFJRUDS1gDKwEbgzpQdmgLbIVXD9UGhba9lFS/o4DGdQM8gYlqLiqVL8wJdvexy4Q/z18BzLEA29ce4gfg7KmOvAAAAA==[0m[Pipeline] checkout
 > git rev-parse --is-inside-work-tree # timeout=10
Fetching changes from the remote Git repository
 > git config remote.origin.url http://github.com/wurstgurke/testinglab.git # timeout=10
Fetching upstream changes from http://github.com/wurstgurke/testinglab.git
 > git --version # timeout=10
Setting http proxy: http-proxy.intern.neusta.de:3128
 > git fetch --tags --progress http://github.com/wurstgurke/testinglab.git +refs/heads/*:refs/remotes/origin/*
 > git rev-parse refs/remotes/origin/master^{commit} # timeout=10
 > git rev-parse refs/remotes/origin/origin/master^{commit} # timeout=10
Checking out Revision 2bca85abbf348bb4017b73c8a29d69ee0538db65 (refs/remotes/origin/master)
 > git config core.sparsecheckout # timeout=10
 > git checkout -f 2bca85abbf348bb4017b73c8a29d69ee0538db65
Commit message: "Added Proxy Settings for Maven in Pipeline"
 > git rev-list --no-walk a778959240de33c8844c568aa45a75f4d2a79e7d # timeout=10
[8mha:////4F6pS3sk4jfuzsrOxeBgA63NtrkNt4pCuFxW9zdbgJo/AAAAoh+LCAAAAAAAAP9tjTEOAiEURD9rLGwtPQTbGRNjZUtoPAGyiLDkfxZYdytP5NW8g8RNrJxkknnTvNcb1jnBiZLl3mDvMGvHYxhtXXyi1N8CTdzTlWvCTMFwaSZJnTkvKKkYWMIaWAnYGNSBskNbYCu8eqg2KLTtpaT6HQU0rhvgCUxUc1GpfGFOsLuPXSb8ef4KYI6xADvU7j9Dg2gqvAAAAA==[0m[Pipeline] }
[8mha:////4FSdDu0aHg7PXkalFiYFZOlfA8Iua6Rw0rWf0ZEURU3iAAAAoh+LCAAAAAAAAP9tjTEOAiEURD9rLGwtPQRbWRhjZUtoPAGyiLDkfxZYdytP5NW8g8RNrJxkknnTvNcb1jnBiZLl3mDvMGvHYxhtXXyi1N8CTdzTlWvCTMFwaSZJnTkvKKkYWMIaWAnYGNSBskNbYCu8eqg2KLTtpaT6HQU0rhvgCUxUc1GpfGFOsLuPXSb8ef4KYI6xADvU7j9J+wGOvAAAAA==[0m[Pipeline] // stage
[8mha:////4MM3ynjqA/6PkRtyThQT1VgMw1lVec8TrlG8knAyiW6AAAAAph+LCAAAAAAAAP9tjTEOwjAQBM9BKWgpeYQDEh2iorXc8AITG+PEugv2haTiRXyNPxCIRMVWOyut5vmCMic4UPKycdgGzHWQXez91ORAqb1EGmRDZ1kTZopOajdosu44oyZ2MEcUsFCwdFhHygE9w0o15m6qaNBXJ07TtldQBHuDBwg1mdkk/sKYYH3tbSb8ef4KYOwYxI6h2G4+x/INtuQqUcEAAAA=[0m[Pipeline] withEnv
[8mha:////4J2NbHKOT8hskvQoUQKsx8rvN8qTn6fTAdOyvip51LhNAAAApR+LCAAAAAAAAP9tjTEOwjAUQ3+DOrAycoiUzoiJNerCCUITQtLo/zZJSSdOxNW4Ay2VmPBg2Zas93pDGQOcKBjuNHYWY2t570czJ54pdDdPmTu68pYwkte80bkhpc9rbShpWFUw2AjYamw9RYsmwU44+ZCVl2iqSwrzdhTArBrgCYWYyUmG9C1TgP19VJHwx/kLgKlPwOrDYvXyLD8BobDcwgAAAA==[0m[Pipeline] {
[8mha:////4AxTJWci/SARpuL99MI3meB7+0+DEnLp3qbC4RwgpP1mAAAAox+LCAAAAAAAAP9tjTESwiAURH/iWNhaeggysXWsbBkaT4AJIoT5nwCRVJ7Iq3kH0cxYucXOvm3e8wXrGOBIQTOrcDAYO8O8m3RZLFMYro4ys3RhHWEkp5hQWVCvTgsKSgqWVDWsOGwUdo6iQZ1gy628y8ZJ1M05hfIdONSmH+EBFS/mJEP6whxgd5v6SPjz/BXA7BPUbfupvX8DpQJrNb4AAAA=[0m[Pipeline] sh
+ docker inspect -f . maven:3-alpine
.
[8mha:////4BHuE+77PqiQdmeyy9m2nTSuotPu1QsxzdQ3Ml+DVhXwAAAAph+LCAAAAAAAAP9tjTEOwjAUQ3+LOrAycohUFSNiYo2ycILQhJA0+r9NUtKJE3E17kBLJSY8WLYl673eUMUAJwqGOY2dxdha1vvRzIllCt3NU2aOrqwljOQ1EzoLUvq8VkFJw6qihA2HrcbWU7RoEuy4kw9Ze4mmvqQwb0cOpVUDPKHgMznJkL5lCrC/jyoS/jh/ATD1CcqmWeywPKsPyt/2UMIAAAA=[0m[Pipeline] withDockerContainer
Jenkins seems to be running inside container d41eec5b9999469cc7393e45402e8c6d8fa20b60a550489a4300efcb9c9b791c
$ docker run -t -d -u 0:0 -v maven-data:/root/.m2 -w "/var/jenkins_home/workspace/B4U Tests" --volumes-from d41eec5b9999469cc7393e45402e8c6d8fa20b60a550489a4300efcb9c9b791c -e ******** -e ******** -e ******** -e ******** -e ******** -e ******** -e ******** -e ******** -e ******** -e ******** -e ******** -e ******** -e ******** -e ******** -e ******** -e ******** -e ******** -e ******** -e ******** -e ******** -e ******** -e ******** -e ******** -e ******** -e ******** -e ******** maven:3-alpine cat
$ docker top 493cd7e606e91214b8b7061d71baf22ca0498ab9145966704a367e0c4a6d222c -eo pid,comm
[8mha:////4MdtI+GUYJnyDNsG1icA1DFuVQezK136bi3AIQmgBYRAAAAApx+LCAAAAAAAAP9tjTEOwjAUQ3+LOrAycohUCDbE1DXKwglCE0La6P/yk9JOnIircQdaKjHhwbItWe/1hiIynIidaCy2HmPtRRd6NyUxELfXQINo6CJqwkjBCmUHRcZWS1WULCzKclhJWFusA0WPLsFGNvqhy6DRlefE03aUkHtzhydkciInzelbRobtrTeR8Mf5C4CxS5Dv9rMd5mfxAbNWnxXCAAAA[0m[Pipeline] {
[8mha:////4PexKb97i0GKthUhekdOargR9CyorBNFkVr9+jy10PZ7AAAApx+LCAAAAAAAAP9tjTEOwjAUQ3+LOrAycohUSDAhpq5RFk4QmhDSRv+Xn5R24kRcjTvQUokJD5ZtyXqvNxSR4UTsRGOx9RhrL7rQuymJgbi9BhpEQxdRE0YKVig7KDK2WqqiZGFRlsNKwtpiHSh6dAk2stEPXQaNrjwnnrajhNybOzwhkxM5aU7fMjJsb72JhD/OXwCMXYJ8t5/tMD+LD5WQ+PfCAAAA[0m[Pipeline] stage
[8mha:////4EaXHnh9owCPbe99GqaErSfsT9CXf9ydto2j336g9fA2AAAApx+LCAAAAAAAAP9tjTEOwjAUQ3+LOrAycohUDLAgpq5RFk4QmhDSRv+Xn5R24kRcjTvQUokJD5ZtyXqvNxSR4UTsRGOx9RhrL7rQuymJgbi9BhpEQxdRE0YKVig7KDK2WqqiZGFRlsNKwtpiHSh6dAk2stEPXQaNrjwnnrajhNybOzwhkxM5aU7fMjJsb72JhD/OXwCMXYJ8t5/tMD+LD/s94rDCAAAA[0m[Pipeline] { (Test)
[8mha:////4MZcwx21JAES79S9VFmuhg92hZVlYZzD5aH8Q4CO8xHxAAAApB+LCAAAAAAAAP9tjTEOwjAQBC9BFLSUPOIiGigQVVrLDS8wsTFOrDtjOyQVL+Jr/IFAJCq2WO1sM88XLFOEI0eLraHOUWocBt/baeHAsbt4HrDlMzZMib1BaQbJ2tQzSs4G5hQlLASsDDWekyObYS1adVeVV2SrU47TdxBQOn2DBxRiMmcV8xfGCJtrrxPTz/NXAGPIUG53n9qHN27Iu42+AAAA[0m[Pipeline] sh
+ mvn test
[INFO] Scanning for projects...
[INFO] 
[INFO] ------------------------------------------------------------------------
[INFO] Building jsc 1.26.9
[INFO] ------------------------------------------------------------------------
Downloading: https://repo.maven.apache.org/maven2/org/apache/maven/plugins/maven-resources-plugin/2.6/maven-resources-plugin-2.6.pom
[INFO] ------------------------------------------------------------------------
[INFO] BUILD FAILURE
[INFO] ------------------------------------------------------------------------
[INFO] Total time: 1.922 s
[INFO] Finished at: 2018-11-08T11:59:15Z
[INFO] Final Memory: 9M/59M
[INFO] ------------------------------------------------------------------------
[ERROR] Plugin org.apache.maven.plugins:maven-resources-plugin:2.6 or one of its dependencies could not be resolved: Failed to read artifact descriptor for org.apache.maven.plugins:maven-resources-plugin:jar:2.6: Could not transfer artifact org.apache.maven.plugins:maven-resources-plugin:pom:2.6 from/to central (https://repo.maven.apache.org/maven2): Connect to repo.maven.apache.org:443 [repo.maven.apache.org/151.101.112.215] failed: Connection refused (Connection refused) -> [Help 1]
[ERROR] 
[ERROR] To see the full stack trace of the errors, re-run Maven with the -e switch.
[ERROR] Re-run Maven using the -X switch to enable full debug logging.
[ERROR] 
[ERROR] For more information about the errors and possible solutions, please read the following articles:
[ERROR] [Help 1] http://cwiki.apache.org/confluence/display/MAVEN/PluginResolutionException
Post stage
[8mha:////4CDvP8A1IrfjEFGYh9Mr/iMemvFJwt8Zj6M1YO5Tox6hAAAApR+LCAAAAAAAAP9tjTEOwjAQBC9BFLSUPOIiGoSEqNJabniBiY1xYt0Z2yGpeBFf4w8EIlGxxWpnm3m+YJkiHDlabA11jlLjMPjeTgsHjt3F84Atn7FhSuwNSjNI1qaeUXI2MKcoYSFgZajxnBzZDGvRqruqvCJbnXKcvoOA0ukbPKAQkzmrmL8wRthce52Yfp6/AhhDhnK7+9Q+vAGh1CMKvgAAAA==[0m[Pipeline] junit
Recording test results
Test reports were found but none of them are new. Did leafNodes run? 
For example, /var/jenkins_home/workspace/B4U Tests/target/surefire-reports/TEST-de.neusta.b4u.RunCukesTest.xml is 24 min old

Error when executing always post condition:
hudson.AbortException: Test reports were found but none of them are new. Did leafNodes run? 
For example, /var/jenkins_home/workspace/B4U Tests/target/surefire-reports/TEST-de.neusta.b4u.RunCukesTest.xml is 24 min old

	at hudson.tasks.junit.TestResult.parse(TestResult.java:222)
	at hudson.tasks.junit.TestResult.parse(TestResult.java:178)
	at hudson.tasks.junit.TestResult.<init>(TestResult.java:143)
	at hudson.tasks.junit.JUnitParser$ParseResultCallable.invoke(JUnitParser.java:146)
	at hudson.tasks.junit.JUnitParser$ParseResultCallable.invoke(JUnitParser.java:118)
	at hudson.FilePath.act(FilePath.java:1077)
	at hudson.FilePath.act(FilePath.java:1060)
	at hudson.tasks.junit.JUnitParser.parseResult(JUnitParser.java:114)
	at hudson.tasks.junit.JUnitResultArchiver.parse(JUnitResultArchiver.java:137)
	at hudson.tasks.junit.JUnitResultArchiver.parseAndAttach(JUnitResultArchiver.java:167)
	at hudson.tasks.junit.pipeline.JUnitResultsStepExecution.run(JUnitResultsStepExecution.java:50)
	at hudson.tasks.junit.pipeline.JUnitResultsStepExecution.run(JUnitResultsStepExecution.java:23)
	at org.jenkinsci.plugins.workflow.steps.SynchronousNonBlockingStepExecution$1$1.call(SynchronousNonBlockingStepExecution.java:50)
	at hudson.security.ACL.impersonate(ACL.java:290)
	at org.jenkinsci.plugins.workflow.steps.SynchronousNonBlockingStepExecution$1.run(SynchronousNonBlockingStepExecution.java:47)
	at java.util.concurrent.Executors$RunnableAdapter.call(Executors.java:511)
	at java.util.concurrent.FutureTask.run(FutureTask.java:266)
	at java.util.concurrent.ThreadPoolExecutor.runWorker(ThreadPoolExecutor.java:1149)
	at java.util.concurrent.ThreadPoolExecutor$Worker.run(ThreadPoolExecutor.java:624)
	at java.lang.Thread.run(Thread.java:748)

[8mha:////4H0qNS10yKkBoFIut6eEs08Qfr/SMo5XKRZ6C958yaGkAAAApR+LCAAAAAAAAP9tjTEOwjAQBC9BFLSUPOIiGiSEqNJabniBiY1xYt0Z2yGpeBFf4w8EIlGxxWpnm3m+YJkiHDlabA11jlLjMPjeTgsHjt3F84Atn7FhSuwNSjNI1qaeUXI2MKcoYSFgZajxnBzZDGvRqruqvCJbnXKcvoOA0ukbPKAQkzmrmL8wRthce52Yfp6/AhhDyFBu95/avQFEU4bYvgAAAA==[0m[Pipeline] }
[8mha:////4L3uSLRcvzOnbBqmSfcCFdtjKqXVIercOH/BWpxwksS1AAAApR+LCAAAAAAAAP9tjTEOwjAQBC9BFLSUPOICSFQoFa3lhheYxBgn1l2wHZyKF/E1/oBFJCq2WO1sM683LIOHmr3BTlNvKTQWBzeavDCx76+OE3Z8wYYpsNModZLc6tOMkqOGOUUJCwErTY3jYMlEWItOPVTlFJnqHH3+jgJK297hCYXI5qh8/MLkYXMb28D08/wVwDQMEcr9Ntfu8AGrSWhXvgAAAA==[0m[Pipeline] // stage
[8mha:////4GoZb5M8XYHCKDM3kbFuDnh3yxs0DWAVIy8a812ICVDZAAAApB+LCAAAAAAAAP9tjTEOwjAQBC9BFLSUPOKiIDpEldZKwwtMbIwT687YDknFi/gaf8AiEhVbrHa2mdcb1jHAiYPBXtNgKXYWvRtNXjhxGK6OJ+z5gh1TZKex1VPLSjcLtpw0LClKWAnYaOocR0smwVb08iErJ8lU5xTydxRQWnWHJxQim5MM6QtzgN1tVJHp5/krgNn7BOW+zlUfPpiqM+u+AAAA[0m[Pipeline] }
$ docker stop --time=1 493cd7e606e91214b8b7061d71baf22ca0498ab9145966704a367e0c4a6d222c
$ docker rm -f 493cd7e606e91214b8b7061d71baf22ca0498ab9145966704a367e0c4a6d222c
[8mha:////4KVdO53HzYhvKqx7qx7FwsLQOtQgAVeT0x58xVtJEJ6hAAAApB+LCAAAAAAAAP9tjTEOwjAQBC9BFLSUPMIRoURUaa00vMDEh3Fi3RnbIal4EV/jD1hEomKL1c4283rDOgY4cTCiRxosxc4K70aTl5g4DFfHk+j5IjqmyA5Fi1PLGpsFW04IS4oSVhI2SJ3jaMkk2MpePVTlFJnqnEL+jhJKq+/whEJmc1IhfWEOsLuNOjL9PH8FMHufoKzrXPvDB5VNw/O+AAAA[0m[Pipeline] // withDockerContainer
[8mha:////4Dy6abUytjQE3ikKUNSZY814REmu9rwMf7xCOjw/F2zzAAAApB+LCAAAAAAAAP9tjTEOwjAQBC9BFLSUPOKiQImo0lppeIGJjXFi3RnbIal4EV/jD1hEomKL1c4283rDOgY4cTDYaxosxc6id6PJCycOw9XxhD1fsGOK7DS2empZ6WbBlpOGJUUJKwEbTZ3jaMkk2IpePmTlJJnqnEL+jgJKq+7whEJkc5IhfWEOsLuNKjL9PH8FMHufoNwfctX1Bxz/kda+AAAA[0m[Pipeline] }
[8mha:////4OgzL5+mshA4Ygg1TdgJQWOiGA8RlHGKx4d+kw7LsOYjAAAApB+LCAAAAAAAAP9tjTEOwjAQBC9BFLSUPOICiA6lorXc8AKTGOPEugu2g1PxIr7GH7CIRMUWq51t5vWGZfBQszfYaeothcbi4EaTFyb2/dVxwo4v2DAFdhqlTpJbfZpRctQwpyhhIWClqXEcLJkIa9Gph6qcIlOdo8/fUUBp2zs8oRDZHJWPX5g8bG5jG5h+nr8CmIYhQrk/5NptPzL/k7y+AAAA[0m[Pipeline] // withEnv
[8mha:////4IGP+Ycra1zTtPEaaIpHX/I6favLXlPP4mUhT6TkoKURAAAAox+LCAAAAAAAAP9tjTEOwjAQBDdBFLSUPMKREFSIitZKwwtMYowT6y7YF5KKF/E1/kBEJCq22plmXm8sU8SRo1ONpdZTqrzqQu+mpwaO7TXwoBq+qIopcbCqtEPJtT3NWLJYzMtyLDRWlqrAyZMTrHVjHqYIhlxxlji5g0bu6zueyPRUFhPlC2PE5tbXienX+RvA2HWCfLsXZLsPW9YxnL0AAAA=[0m[Pipeline] }
[8mha:////4MwE+kASHJTbFNLNXIaMmeeGPzYTGCHBYM2EPm8/QPs+AAAApB+LCAAAAAAAAP9tjTEOwjAQBDdBFLSUPMKRQKJBVLRWGl5gEmOcWHfBvpBUvIiv8QciIlGx1c4083pjmSKOHJ1qLLWeUuVVF3o3PTVwbK+BB9XwRVVMiYNVpR1Kru1pxpLFYl6WY6GxslQFTp6cYK0b8zBFMOSKs8TJHTRyX9/xRKanspgoXxgjNre+Tky/zt8Axq4T5Nu9INt9ACg59UW9AAAA[0m[Pipeline] // node
[8mha:////4O68AUHApaev8Spij/rgxjz+EWaA/esMmuuB4DV1iTiwAAAAox+LCAAAAAAAAP9tjbEOgjAURS8YB1dHP6IkLA7GybVh8Qsq1Fpo3sP2IUx+kb/mP0gkcfJO95zlvN5Yp4gjR6daS52nVHvVh8HNT40cu2vgUbV8UTVT4mBVZceKG3tasGKxWJblWGlsLNWBkycn2OrWPEwRDLniLHF2B43cN3c8kem5LCbKF6aI3W1oEtOv8zeAqe8FebkXZOUHDiCSD70AAAA=[0m[Pipeline] End of Pipeline
ERROR: script returned exit code 1
Finished: FAILURE
