Started by user [8mha:////4Av13BAALwpaQ0RIoCWRmRdejm9WnuLA5xwqMF7lGCIDAAAAnB+LCAAAAAAAAP9b85aBtbiIQTGjNKU4P08vOT+vOD8nVc83PyU1x6OyILUoJzMv2y+/JJUBAhiZGBgqihhk0NSjKDWzXb3RdlLBUSYGJk8GtpzUvPSSDB8G5tKinBIGIZ+sxLJE/ZzEvHT94JKizLx0a6BxUmjGOUNodHsLgAzuEgYB/dLi1CL98tKi4pL00qLsVABUdWehxQAAAA==[0mWurst Gurke
Obtained Jenkinsfile from git http://github.com/wurstgurke/testinglab.git
Running in Durability level: MAX_SURVIVABILITY
[8mha:////4O2jnyf4EbYgHbTDBMphizs7lJ+qmGBxT99XGHDWoSu2AAAApR+LCAAAAAAAAP9tjTEOwjAUQ3+KOrAycohUghExsUZZOEFIQkgb/d8mKe3EibgadyBQiQlLlmxL1nu+oE4RjhQdby12HpP2vA+jK4lPFLtroIm3dOGaMFGwXNpJkrGnpUrKFhaxClYC1hZ1oOTRZdiIVt1VExS65pxj2Q4CKm8GeAAThZxVzN8yR9jeRpMIf5y/AJj7DGxXvP/86jduZBmjwAAAAA==[0m[Pipeline] node
Running on [8mha:////4B6cVxAhR3TXbw7bfGrrDZ04MXNY7Q0JiaMTcdFgvmVPAAAAnh+LCAAAAAAAAP9b85aBtbiIQTGjNKU4P08vOT+vOD8nVc83PyU1x6OyILUoJzMv2y+/JJUBAhiZGBgqihhk0NSjKDWzXb3RdlLBUSYGJk8GtpzUvPSSDB8G5tKinBIGIZ+sxLJE/ZzEvHT94JKizLx0a6BxUmjGOUNodHsLgAz2EgZh/eT83ILSktQifY3cxGIgrakPAHib2iPIAAAA[0mJenkins in /var/jenkins_home/workspace/B4U Tests
[8mha:////4M6Ik5AKdGLG3zsNSkkqP0x3yzXhcrBjx78kOv4IhX0iAAAApR+LCAAAAAAAAP9tjTEOwjAUQ3+KOrAycoh0gA0xsUZZOEFIQkgb/d8mKe3EibgadyBQiQlLlmxL1nu+oE4RjhQdby12HpP2vA+jK4lPFLtroIm3dOGaMFGwXNpJkrGnpUrKFhaxClYC1hZ1oOTRZdiIVt1VExS65pxj2Q4CKm8GeAAThZxVzN8yR9jeRpMIf5y/AJj7DGxXvP/86jfoP95RwAAAAA==[0m[Pipeline] {
[8mha:////4P5shY7zkAPi+5q8xxSs//fNgVfh2bo2+zsE3LMErDbsAAAApR+LCAAAAAAAAP9tjTEOwjAUQ3+KOrAycoh0gQkxsUZZOEFIQkgb/d8mKe3EibgadyBQiQlLlmxL1nu+oE4RjhQdby12HpP2vA+jK4lPFLtroIm3dOGaMFGwXNpJkrGnpUrKFhaxClYC1hZ1oOTRZdiIVt1VExS65pxj2Q4CKm8GeAAThZxVzN8yR9jeRpMIf5y/AJj7DGxXvP/86jc09154wAAAAA==[0m[Pipeline] stage
[8mha:////4CDkbg47HH/hNUqkvG8ZpWmtYpzAJbj4+GsO18iEy5ImAAAApR+LCAAAAAAAAP9tjTEOwjAUQ3+KOrAycoh0ggUxsUZZOEFIQkgb/d8mKe3EibgadyBQiQlLlmxL1nu+oE4RjhQdby12HpP2vA+jK4lPFLtroIm3dOGaMFGwXNpJkrGnpUrKFhaxClYC1hZ1oOTRZdiIVt1VExS65pxj2Q4CKm8GeAAThZxVzN8yR9jeRpMIf5y/AJj7DGxXvP/86jek7ggRwAAAAA==[0m[Pipeline] { (Declarative: Checkout SCM)
[8mha:////4HGJDgHwaZ/suDBfXBW027J3Ojr+s7ZioL6Pv5i35VnGAAAAoh+LCAAAAAAAAP9tjTEOAiEURD9rLGwtPQTbaWGsbAmNJ0AWEZb8zwLrbuWJvJp3kLiJlZNMMm+a93rDOic4UbLcG+wdZu14DKOti0+U+lugiXu6ck2YKRguzSSpM+cFJRUDS1gDKwEbgzpQdmgLbIVXD9UGhba9lFS/o4DGdQM8gYlqLiqVL8wJdvexy4Q/z18BzLEA29ce4gfg7KmOvAAAAA==[0m[Pipeline] checkout
Cloning the remote Git repository
Cloning repository http://github.com/wurstgurke/testinglab.git
 > git init /var/jenkins_home/workspace/B4U Tests # timeout=10
Fetching upstream changes from http://github.com/wurstgurke/testinglab.git
 > git --version # timeout=10
Setting http proxy: http-proxy.intern.neusta.de:3128
 > git fetch --tags --progress http://github.com/wurstgurke/testinglab.git +refs/heads/*:refs/remotes/origin/*
 > git config remote.origin.url http://github.com/wurstgurke/testinglab.git # timeout=10
 > git config --add remote.origin.fetch +refs/heads/*:refs/remotes/origin/* # timeout=10
 > git config remote.origin.url http://github.com/wurstgurke/testinglab.git # timeout=10
Fetching upstream changes from http://github.com/wurstgurke/testinglab.git
Setting http proxy: http-proxy.intern.neusta.de:3128
 > git fetch --tags --progress http://github.com/wurstgurke/testinglab.git +refs/heads/*:refs/remotes/origin/*
 > git rev-parse refs/remotes/origin/master^{commit} # timeout=10
 > git rev-parse refs/remotes/origin/origin/master^{commit} # timeout=10
Checking out Revision 94e8edb32ae384252c27c6d784b935c40de86d32 (refs/remotes/origin/master)
 > git config core.sparsecheckout # timeout=10
 > git checkout -f 94e8edb32ae384252c27c6d784b935c40de86d32
Commit message: "Changed URL of Grid"
First time build. Skipping changelog.
[8mha:////4F6pS3sk4jfuzsrOxeBgA63NtrkNt4pCuFxW9zdbgJo/AAAAoh+LCAAAAAAAAP9tjTEOAiEURD9rLGwtPQTbGRNjZUtoPAGyiLDkfxZYdytP5NW8g8RNrJxkknnTvNcb1jnBiZLl3mDvMGvHYxhtXXyi1N8CTdzTlWvCTMFwaSZJnTkvKKkYWMIaWAnYGNSBskNbYCu8eqg2KLTtpaT6HQU0rhvgCUxUc1GpfGFOsLuPXSb8ef4KYI6xADvU7j9Dg2gqvAAAAA==[0m[Pipeline] }
[8mha:////4FSdDu0aHg7PXkalFiYFZOlfA8Iua6Rw0rWf0ZEURU3iAAAAoh+LCAAAAAAAAP9tjTEOAiEURD9rLGwtPQRbWRhjZUtoPAGyiLDkfxZYdytP5NW8g8RNrJxkknnTvNcb1jnBiZLl3mDvMGvHYxhtXXyi1N8CTdzTlWvCTMFwaSZJnTkvKKkYWMIaWAnYGNSBskNbYCu8eqg2KLTtpaT6HQU0rhvgCUxUc1GpfGFOsLuPXSb8ef4KYI6xADvU7j9J+wGOvAAAAA==[0m[Pipeline] // stage
[8mha:////4MM3ynjqA/6PkRtyThQT1VgMw1lVec8TrlG8knAyiW6AAAAAph+LCAAAAAAAAP9tjTEOwjAQBM9BKWgpeYQDEh2iorXc8AITG+PEugv2haTiRXyNPxCIRMVWOyut5vmCMic4UPKycdgGzHWQXez91ORAqb1EGmRDZ1kTZopOajdosu44oyZ2MEcUsFCwdFhHygE9w0o15m6qaNBXJ07TtldQBHuDBwg1mdkk/sKYYH3tbSb8ef4KYOwYxI6h2G4+x/INtuQqUcEAAAA=[0m[Pipeline] withEnv
[8mha:////4J2NbHKOT8hskvQoUQKsx8rvN8qTn6fTAdOyvip51LhNAAAApR+LCAAAAAAAAP9tjTEOwjAUQ3+DOrAycoiUzoiJNerCCUITQtLo/zZJSSdOxNW4Ay2VmPBg2Zas93pDGQOcKBjuNHYWY2t570czJ54pdDdPmTu68pYwkte80bkhpc9rbShpWFUw2AjYamw9RYsmwU44+ZCVl2iqSwrzdhTArBrgCYWYyUmG9C1TgP19VJHwx/kLgKlPwOrDYvXyLD8BobDcwgAAAA==[0m[Pipeline] {
[8mha:////4AxTJWci/SARpuL99MI3meB7+0+DEnLp3qbC4RwgpP1mAAAAox+LCAAAAAAAAP9tjTESwiAURH/iWNhaeggysXWsbBkaT4AJIoT5nwCRVJ7Iq3kH0cxYucXOvm3e8wXrGOBIQTOrcDAYO8O8m3RZLFMYro4ys3RhHWEkp5hQWVCvTgsKSgqWVDWsOGwUdo6iQZ1gy628y8ZJ1M05hfIdONSmH+EBFS/mJEP6whxgd5v6SPjz/BXA7BPUbfupvX8DpQJrNb4AAAA=[0m[Pipeline] sh
+ docker inspect -f . maven:3-alpine

Error: No such object: maven:3-alpine
[8mha:////4EBWeO/yhvvgn+QxLtvGNFvTzyAdew5V2r1k7nnrxS+PAAAAox+LCAAAAAAAAP9tjTESwiAURH/iWNhaeggyGUvHypah8QSYIEKY/wkQSeWJvJp3EM2MlVvs7NvmPV+wjgGOFDSzCgeDsTPMu0mXxTKF4eooM0sX1hFGcooJlQX16rSgoKRgSVXDisNGYecoGtQJttzKu2ycRN2cUyjfgUNt+hEeUPFiTjKkL8wBdrepj4Q/z18BzD5B3baf2vs35DNwLL4AAAA=[0m[Pipeline] sh
+ docker pull maven:3-alpine
3-alpine: Pulling from library/maven
88286f41530e: Pulling fs layer
009f6e766a1b: Pulling fs layer
86ed68184682: Pulling fs layer
f9cdc72bb970: Pulling fs layer
7e4415124188: Pulling fs layer
f6ba1c32fdb3: Pulling fs layer
8f690e3687b2: Pulling fs layer
f9cdc72bb970: Waiting
7e4415124188: Waiting
f6ba1c32fdb3: Waiting
8f690e3687b2: Waiting
88286f41530e: Verifying Checksum
88286f41530e: Download complete
009f6e766a1b: Verifying Checksum
009f6e766a1b: Download complete
88286f41530e: Pull complete
009f6e766a1b: Pull complete
f9cdc72bb970: Verifying Checksum
f9cdc72bb970: Download complete
f6ba1c32fdb3: Verifying Checksum
f6ba1c32fdb3: Download complete
7e4415124188: Verifying Checksum
7e4415124188: Download complete
8f690e3687b2: Verifying Checksum
8f690e3687b2: Download complete
86ed68184682: Verifying Checksum
86ed68184682: Download complete
86ed68184682: Pull complete
f9cdc72bb970: Pull complete
7e4415124188: Pull complete
f6ba1c32fdb3: Pull complete
8f690e3687b2: Pull complete
Digest: sha256:400fb45cfcedfc492ff91319ea0a58f570172f8cf65f40b9b14931f44a6c1417
Status: Downloaded newer image for maven:3-alpine
[8mha:////4DIL7MoA0TOGmdHkUZPWp9vtjtAKB3FRaLq6UW54EgKnAAAApx+LCAAAAAAAAP9tjTEOwjAUQ3+LOrAycohUldgQE2uUhROEJoSk0f9tkpJOnIircQdaKjHhwbItWe/1hioGOFEwzGnsLMbWst6PZk4sU+hunjJzdGUtYSSvmdBZkNLntQpKGlYVJWw4bDW2nqJFk2DHnXzI2ks09SWFeTtyKK0a4AkFn8lJhvQtU4D9fVSR8Mf5C4CpT1A2zWKH5Vl9AHLv803CAAAA[0m[Pipeline] withDockerContainer
Jenkins seems to be running inside container d41eec5b9999469cc7393e45402e8c6d8fa20b60a550489a4300efcb9c9b791c
$ docker run -t -d -u 0:0 -v /root/.m2:/root/.m2 -w "/var/jenkins_home/workspace/B4U Tests" --volumes-from d41eec5b9999469cc7393e45402e8c6d8fa20b60a550489a4300efcb9c9b791c -e ******** -e ******** -e ******** -e ******** -e ******** -e ******** -e ******** -e ******** -e ******** -e ******** -e ******** -e ******** -e ******** -e ******** -e ******** -e ******** -e ******** -e ******** -e ******** -e ******** -e ******** -e ******** -e ******** -e ******** -e ******** maven:3-alpine cat
$ docker top 062ca24aaef6038d2f98d53a1b8f10668bad4890c01c60c22f46cfdf913daf91 -eo pid,comm
[8mha:////4PexKb97i0GKthUhekdOargR9CyorBNFkVr9+jy10PZ7AAAApx+LCAAAAAAAAP9tjTEOwjAUQ3+LOrAycohUSDAhpq5RFk4QmhDSRv+Xn5R24kRcjTvQUokJD5ZtyXqvNxSR4UTsRGOx9RhrL7rQuymJgbi9BhpEQxdRE0YKVig7KDK2WqqiZGFRlsNKwtpiHSh6dAk2stEPXQaNrjwnnrajhNybOzwhkxM5aU7fMjJsb72JhD/OXwCMXYJ8t5/tMD+LD5WQ+PfCAAAA[0m[Pipeline] {
[8mha:////4EaXHnh9owCPbe99GqaErSfsT9CXf9ydto2j336g9fA2AAAApx+LCAAAAAAAAP9tjTEOwjAUQ3+LOrAycohUDLAgpq5RFk4QmhDSRv+Xn5R24kRcjTvQUokJD5ZtyXqvNxSR4UTsRGOx9RhrL7rQuymJgbi9BhpEQxdRE0YKVig7KDK2WqqiZGFRlsNKwtpiHSh6dAk2stEPXQaNrjwnnrajhNybOzwhkxM5aU7fMjJsb72JhD/OXwCMXYJ8t5/tMD+LD/s94rDCAAAA[0m[Pipeline] stage
[8mha:////4PumeF/GGzYy4wtIY5CW4wt5c9Jl7y+5gYpvVyg6uPS0AAAApx+LCAAAAAAAAP9tjTEOwjAUQ3+LOrAycohULDAgpq5RFk4QmhDSRv+Xn5R24kRcjTvQUokJD5ZtyXqvNxSR4UTsRGOx9RhrL7rQuymJgbi9BhpEQxdRE0YKVig7KDK2WqqiZGFRlsNKwtpiHSh6dAk2stEPXQaNrjwnnrajhNybOzwhkxM5aU7fMjJsb72JhD/OXwCMXYJ8t5/tMD+LD1+IXOLCAAAA[0m[Pipeline] { (Test)
[8mha:////4NTtSANx2URBKFGaZHfH9t3DjVfngyw09XFOHsQ/Mo4JAAAApB+LCAAAAAAAAP9tjTEOwjAQBC9BFLSUPOIiKpAQVVrLDS8wsTFOrDtjOyQVL+Jr/IFAJCq2WO1sM88XLFOEI0eLraHOUWocBt/baeHAsbt4HrDlMzZMib1BaQbJ2tQzSs4G5hQlLASsDDWekyObYS1adVeVV2SrU47TdxBQOn2DBxRiMmcV8xfGCJtrrxPTz/NXAGPIUG53n9qHNxXfVKy+AAAA[0m[Pipeline] sh
+ mvn test
[INFO] Scanning for projects...
[INFO] 
[INFO] ------------------------------------------------------------------------
[INFO] Building jsc 1.26.9
[INFO] ------------------------------------------------------------------------
Downloading: https://repo.maven.apache.org/maven2/org/apache/maven/plugins/maven-resources-plugin/2.6/maven-resources-plugin-2.6.pom
[INFO] ------------------------------------------------------------------------
[INFO] BUILD FAILURE
[INFO] ------------------------------------------------------------------------
[INFO] Total time: 1.961 s
[INFO] Finished at: 2018-11-08T10:33:20Z
[INFO] Final Memory: 12M/59M
[INFO] ------------------------------------------------------------------------
[ERROR] Plugin org.apache.maven.plugins:maven-resources-plugin:2.6 or one of its dependencies could not be resolved: Failed to read artifact descriptor for org.apache.maven.plugins:maven-resources-plugin:jar:2.6: Could not transfer artifact org.apache.maven.plugins:maven-resources-plugin:pom:2.6 from/to central (https://repo.maven.apache.org/maven2): Connect to repo.maven.apache.org:443 [repo.maven.apache.org/151.101.112.215] failed: Connection refused (Connection refused) -> [Help 1]
[ERROR] 
[ERROR] To see the full stack trace of the errors, re-run Maven with the -e switch.
[ERROR] Re-run Maven using the -X switch to enable full debug logging.
[ERROR] 
[ERROR] For more information about the errors and possible solutions, please read the following articles:
[ERROR] [Help 1] http://cwiki.apache.org/confluence/display/MAVEN/PluginResolutionException
Post stage
[8mha:////4BVJgwgOnXw1i0X3raLNNCal7Z84GXTMWh0mi6HwSm6mAAAApB+LCAAAAAAAAP9tjTEOwjAQBC9BFLSUPOIiKoQQVVrLDS8wsTFOrDtjOyQVL+Jr/IFAJCq2WO1sM88XLFOEI0eLraHOUWocBt/baeHAsbt4HrDlMzZMib1BaQbJ2tQzSs4G5hQlLASsDDWekyObYS1adVeVV2SrU47TdxBQOn2DBxRiMmcV8xfGCJtrrxPTz/NXAGPIUG53n9qHN1TuT7W+AAAA[0m[Pipeline] junit
Recording test results
[8mha:////4EbSskqt824B+Dwh/Ijl+2TELa3IHXsM0HIgsA6JMX4jAAAApR+LCAAAAAAAAP9tjTEOwjAQBC9BFLSUPOICNBQoFa3lhheYxBgn1l2wHZyKF/E1/oBFJCq2WO1sM683LIOHmr3BTlNvKTQWBzeavDCx76+OE3Z8wYYpsNModZLc6tOMkqOGOUUJCwErTY3jYMlEWItOPVTlFJnqHH3+jgJK297hCYXI5qh8/MLkYXMb28D08/wVwDQMEcr9Ntfu8AGHKGa5vgAAAA==[0m[Pipeline] }
[8mha:////4G706wc4BZljyE481veJIfJ9dfNVI2/Kv//oRo9eQVA5AAAApR+LCAAAAAAAAP9tjTEOwjAQBC9BFLSUPOKiUNAgqrRWGl5gYmOcWHfGdkgqXsTX+AMWkajYYrWzzbzesI4BThwM9poGS7Gz6N1o8sKJw3B1PGHPF+yYIjuNrZ5aVrpZsOWkYUlRwkrARlPnOFoyCbailw9ZOUmmOqeQv6OA0qo7PKEQ2ZxkSF+YA+xuo4pMP89fAczeJyj3da768AG0yz0FvgAAAA==[0m[Pipeline] // stage
[8mha:////4O5uKxc7pEeDiVtQI25rwsBSi5IOtO0b2WHmGvLVWDwSAAAApR+LCAAAAAAAAP9tjTEOwjAQBC9BFLSUPMIRkagQVVorDS8w8WGcWHfGdkgqXsTX+AMWkajYYrWzzbzesI4BThyM6JEGS7GzwrvR5CUmDsPV8SR6voiOKbJD0eLUssZmwZYTwpKihJWEDVLnOFoyCbayVw9VOUWmOqeQv6OE0uo7PKGQ2ZxUSF+YA+xuo45MP89fAczeJyjrOtf+8AGg6KAavgAAAA==[0m[Pipeline] }
$ docker stop --time=1 062ca24aaef6038d2f98d53a1b8f10668bad4890c01c60c22f46cfdf913daf91
$ docker rm -f 062ca24aaef6038d2f98d53a1b8f10668bad4890c01c60c22f46cfdf913daf91
[8mha:////4Nt412KKUG/ygj1adlOIjuk++s2P0jqmZ7hAI/y7w6v8AAAApR+LCAAAAAAAAP9tjTsOwjAQRDdBFLSUHGIjPh1KRWu54QQmMcaJtRtsB6fiRFyNO2ARiYopRvOmea83LIOHmr3BTlNvKTQWBzeavDCx76+OE3Z8wYYpsNModZLc6tOMkqOGOUUJCwErTY3jYMlEWItOPVTlFJnqHH3+jgJK297hCYXI5qh8/MLkYXMb28D08/wVwDQMEcrdPtf28AGTC/umvgAAAA==[0m[Pipeline] // withDockerContainer
[8mha:////4N51Xvs6I+wVfBnv/7o1vB/pdLuwXY642ZfrwLFN9WgZAAAApB+LCAAAAAAAAP9tjTEOwjAQBC9BFLSUPOKiIDpEldZKwwtMbIwT687YDknFi/gaf8AiEhVbrHa2mdcb1jHAiYPBXtNgKXYWvRtNXjhxGK6OJ+z5gh1TZKex1VPLSjcLtpw0LClKWAnYaOocR0smwVb08iErJ8lU5xTydxRQWnWHJxQim5MM6QtzgN1tVJHp5/krgNn7BOX+kKuuP6TPlMu+AAAA[0m[Pipeline] }
[8mha:////4IGVI5tW7J1w4Xbg5EkI7/dW/D8o1oVaRjm8ZqM7ndPBAAAApR+LCAAAAAAAAP9tjTEOwjAQBC9BFLSUPOICSFQoFa3lhheYxBgn1l2wHZyKF/E1/oBFJCq2WO1sM683LIOHmr3BTlNvKTQWBzeavDCx76+OE3Z8wYYpsNModZLc6tOMkqOGOUUJCwErTY3jYMlEWItOPVTlFJnqHH3+jgJK297hCYXI5qh8/MLkYXMb28D08/wVwDQMEcr9Iddu+wGXLM93vgAAAA==[0m[Pipeline] // withEnv
[8mha:////4BWUZI9E+dXgN7iZKeNvhJ+E6CI2Ukf1D1aYAmWu4PQKAAAApB+LCAAAAAAAAP9tjTEOwjAQBDdBFLSUPMKREKJBVLRWGl5gEmOcWHfBvpBUvIiv8QciIlGx1c4083pjmSKOHJ1qLLWeUuVVF3o3PTVwbK+BB9XwRVVMiYNVpR1Kru1pxpLFYl6WY6GxslQFTp6cYK0b8zBFMOSKs8TJHTRyX9/xRKanspgoXxgjNre+Tky/zt8Axq4T5Nu9INt9AIuskdu9AAAA[0m[Pipeline] }
[8mha:////4BmFq7RPZkkqsGoamCaiuZsceE/rsOZVArQ2IuaO/I/7AAAApB+LCAAAAAAAAP9tjTEOwjAQBDdBFLSUPMKRoKBAVLRWGl5gEmOcWHfBvpBUvIiv8QciIlGx1c4083pjmSKOHJ1qLLWeUuVVF3o3PTVwbK+BB9XwRVVMiYNVpR1Kru1pxpLFYl6WY6GxslQFTp6cYK0b8zBFMOSKs8TJHTRyX9/xRKanspgoXxgjNre+Tky/zt8Axq4T5Nu9INt9AJgQlXi9AAAA[0m[Pipeline] // node
[8mha:////4Ku6d6VO6wmnMOUzDlW6q2TLgEJgwx7/njM3qxhnIE8jAAAAox+LCAAAAAAAAP9tjbEOgjAURS8YB1dHP6IkTCbGybVh8Qsq1Fpo3sP2IUx+kb/mP0gkcfJO95zlvN5Yp4gjR6daS52nVHvVh8HNT40cu2vgUbV8UTVT4mBVZceKG3tasGKxWJblWGlsLNWBkycn2OrWPEwRDLniLHF2B43cN3c8kem5LCbKF6aI3W1oEtOv8zeAqe8FebkXZOUH37fCjb0AAAA=[0m[Pipeline] End of Pipeline
ERROR: script returned exit code 1
Finished: FAILURE
